#
# There is insufficient memory for the Java Runtime Environment to continue.
# Native memory allocation (malloc) failed to allocate 33296 bytes for Chunk::new
# Possible reasons:
#   The system is out of physical RAM or swap space
#   The process is running with CompressedOops enabled, and the Java Heap may be blocking the growth of the native heap
# Possible solutions:
#   Reduce memory load on the system
#   Increase physical memory or swap space
#   Check if swap backing store is full
#   Decrease Java heap size (-Xmx/-Xms)
#   Decrease number of Java threads
#   Decrease Java thread stack sizes (-Xss)
#   Set larger code cache with -XX:ReservedCodeCacheSize=
#   JVM is running with Unscaled Compressed Oops mode in which the Java heap is
#     placed in the first 4GB address space. The Java Heap base address is the
#     maximum limit for the native heap growth. Please use -XX:HeapBaseMinAddress
#     to set the Java Heap base and to place the Java Heap above 4GB virtual address.
# This output file may be truncated or incomplete.
#
#  Out of Memory Error (allocation.cpp:389), pid=2120, tid=0x0000000000001434
#
# JRE version: Java(TM) SE Runtime Environment (8.0_221-b11) (build 1.8.0_221-b11)
# Java VM: Java HotSpot(TM) 64-Bit Server VM (25.221-b11 mixed mode windows-amd64 compressed oops)
# Failed to write core dump. Minidumps are not enabled by default on client versions of Windows
#

---------------  T H R E A D  ---------------

Current thread (0x00000000178e3000):  JavaThread "C2 CompilerThread0" daemon [_thread_in_native, id=5172, stack(0x0000000018f50000,0x0000000019050000)]

Stack: [0x0000000018f50000,0x0000000019050000]
[error occurred during error reporting (printing stack bounds), id 0xc0000005]

Native frames: (J=compiled Java code, j=interpreted, Vv=VM code, C=native code)


Current CompileTask:
C2: 616040 5748       4       java.util.AbstractCollection::toArray (147 bytes)


---------------  P R O C E S S  ---------------

Java Threads: ( => current thread )
  0x000000001d27c800 JavaThread "DestroyJavaVM" [_thread_blocked, id=5808, stack(0x0000000002bc0000,0x0000000002cc0000)]
  0x000000001d27c000 JavaThread "http-nio-8095-Acceptor" daemon [_thread_in_native, id=5124, stack(0x0000000023c90000,0x0000000023d90000)]
  0x000000001d27b000 JavaThread "http-nio-8095-ClientPoller" daemon [_thread_in_native, id=4176, stack(0x0000000023b90000,0x0000000023c90000)]
  0x000000001d27d800 JavaThread "http-nio-8095-exec-10" daemon [_thread_blocked, id=4036, stack(0x0000000023a90000,0x0000000023b90000)]
  0x000000001d277800 JavaThread "http-nio-8095-exec-9" daemon [_thread_blocked, id=6112, stack(0x0000000023990000,0x0000000023a90000)]
  0x000000001d279000 JavaThread "http-nio-8095-exec-8" daemon [_thread_blocked, id=7560, stack(0x0000000023890000,0x0000000023990000)]
  0x000000001d270800 JavaThread "http-nio-8095-exec-7" daemon [_thread_blocked, id=7152, stack(0x0000000023790000,0x0000000023890000)]
  0x000000001d274800 JavaThread "http-nio-8095-exec-6" daemon [_thread_blocked, id=2592, stack(0x0000000023690000,0x0000000023790000)]
  0x000000001d276800 JavaThread "http-nio-8095-exec-5" daemon [_thread_blocked, id=2148, stack(0x0000000023590000,0x0000000023690000)]
  0x000000001d270000 JavaThread "http-nio-8095-exec-4" daemon [_thread_blocked, id=6148, stack(0x0000000023490000,0x0000000023590000)]
  0x000000001d273800 JavaThread "http-nio-8095-exec-3" daemon [_thread_blocked, id=8308, stack(0x0000000023290000,0x0000000023390000)]
  0x000000001d273000 JavaThread "http-nio-8095-exec-2" daemon [_thread_blocked, id=8116, stack(0x0000000023190000,0x0000000023290000)]
  0x000000001d276000 JavaThread "http-nio-8095-exec-1" daemon [_thread_blocked, id=7556, stack(0x0000000021810000,0x0000000021910000)]
  0x000000001d275000 JavaThread "http-nio-8095-BlockPoller" daemon [_thread_in_native, id=7544, stack(0x0000000021410000,0x0000000021510000)]
  0x000000001d271800 JavaThread "File Watcher" daemon [_thread_blocked, id=1356, stack(0x0000000020710000,0x0000000020810000)]
  0x000000001a1c6000 JavaThread "Live Reload Server" daemon [_thread_in_native, id=5772, stack(0x0000000021510000,0x0000000021610000)]
  0x000000001a1c4800 JavaThread "HikariPool-1 housekeeper" daemon [_thread_blocked, id=7656, stack(0x0000000020360000,0x0000000020460000)]
  0x000000001a1c1800 JavaThread "mysql-cj-abandoned-connection-cleanup" daemon [_thread_blocked, id=7368, stack(0x0000000020160000,0x0000000020260000)]
  0x000000001a1c3800 JavaThread "container-0" [_thread_blocked, id=3600, stack(0x0000000020060000,0x0000000020160000)]
  0x000000001a1c8000 JavaThread "Catalina-utility-2" [_thread_blocked, id=7928, stack(0x000000001d570000,0x000000001d670000)]
  0x000000001a1c7800 JavaThread "Catalina-utility-1" [_thread_blocked, id=8780, stack(0x000000001b360000,0x000000001b460000)]
  0x0000000019288800 JavaThread "Service Thread" daemon [_thread_blocked, id=2184, stack(0x0000000019650000,0x0000000019750000)]
  0x00000000178f7800 JavaThread "C1 CompilerThread2" daemon [_thread_blocked, id=1724, stack(0x0000000019150000,0x0000000019250000)]
  0x00000000178e8000 JavaThread "C2 CompilerThread1" daemon [_thread_blocked, id=948, stack(0x0000000019050000,0x0000000019150000)]
=>0x00000000178e3000 JavaThread "C2 CompilerThread0" daemon [_thread_in_native, id=5172, stack(0x0000000018f50000,0x0000000019050000)]
  0x00000000178e1800 JavaThread "Attach Listener" daemon [_thread_blocked, id=944, stack(0x0000000018e50000,0x0000000018f50000)]
  0x00000000178e1000 JavaThread "Signal Dispatcher" daemon [_thread_blocked, id=2360, stack(0x0000000018d50000,0x0000000018e50000)]
  0x0000000002dbe800 JavaThread "Finalizer" daemon [_thread_blocked, id=9652, stack(0x0000000018b50000,0x0000000018c50000)]
  0x00000000178a9000 JavaThread "Reference Handler" daemon [_thread_blocked, id=6452, stack(0x0000000018a50000,0x0000000018b50000)]

Other Threads:
  0x00000000178a7000 VMThread [stack: 0x0000000018950000,0x0000000018a50000] [id=6408]
  0x000000001793d800 WatcherThread [stack: 0x0000000019750000,0x0000000019850000] [id=9328]

VM state:not at safepoint (normal execution)

VM Mutex/Monitor currently owned by a thread: None

heap address: 0x0000000081e00000, size: 2018 MB, Compressed Oops mode: 32-bit
Narrow klass base: 0x0000000000000000, Narrow klass shift: 3
Compressed class space size: 1073741824 Address: 0x0000000100000000

Heap:
 PSYoungGen      total 210432K, used 95077K [0x00000000d5f80000, 0x00000000e4700000, 0x0000000100000000)
  eden space 190976K, 49% used [0x00000000d5f80000,0x00000000dbc59690,0x00000000e1a00000)
  from space 19456K, 0% used [0x00000000e2d80000,0x00000000e2d80000,0x00000000e4080000)
  to   space 19968K, 0% used [0x00000000e1a00000,0x00000000e1a00000,0x00000000e2d80000)
 ParOldGen       total 131584K, used 24825K [0x0000000081e00000, 0x0000000089e80000, 0x00000000d5f80000)
  object space 131584K, 18% used [0x0000000081e00000,0x000000008363e4a8,0x0000000089e80000)
 Metaspace       used 59272K, capacity 62080K, committed 62168K, reserved 1103872K
  class space    used 8200K, capacity 8699K, committed 8704K, reserved 1048576K

Card table byte_map: [0x0000000012180000,0x0000000012580000] byte_map_base: 0x0000000011d71000

Marking Bits: (ParMarkBitMap*) 0x000000005b315ce0
 Begin Bits: [0x0000000012c30000, 0x0000000014bb8000)
 End Bits:   [0x0000000014bb8000, 0x0000000016b40000)

Polling page: 0x0000000002a50000

CodeCache: size=245760Kb used=17407Kb max_used=17407Kb free=228352Kb
 bounds [0x0000000002dc0000, 0x0000000003ee0000, 0x0000000011dc0000]
 total_blobs=5510 nmethods=4963 adapters=458
 compilation: enabled

Compilation events (10 events):
Event: 425.958 Thread 0x00000000178f7800 nmethod 5743 0x0000000003875c50 code [0x0000000003875e60, 0x0000000003876898]
Event: 425.958 Thread 0x00000000178f7800 5744   !   3       org.apache.catalina.core.ContainerBase::getClusterInternal (38 bytes)
Event: 425.959 Thread 0x00000000178f7800 nmethod 5744 0x0000000003cb1fd0 code [0x0000000003cb21e0, 0x0000000003cb2c18]
Event: 435.958 Thread 0x00000000178f7800 5746   !   3       org.apache.catalina.core.ContainerBase::backgroundProcess (168 bytes)
Event: 435.961 Thread 0x00000000178f7800 nmethod 5746 0x0000000003cafb50 code [0x0000000003cafe60, 0x0000000003cb15a8]
Event: 435.961 Thread 0x00000000178f7800 5745   !   3       org.apache.catalina.core.ContainerBase$ContainerBackgroundProcessor::processChildren (191 bytes)
Event: 435.964 Thread 0x00000000178f7800 nmethod 5745 0x0000000003ca2dd0 code [0x0000000003ca3140, 0x0000000003ca53c8]
Event: 466.142 Thread 0x00000000178f7800 5747       1       sun.misc.URLClassPath$FileLoader$1::getURL (5 bytes)
Event: 466.143 Thread 0x00000000178f7800 nmethod 5747 0x0000000003875990 code [0x0000000003875ae0, 0x0000000003875bf0]
Event: 615.975 Thread 0x00000000178e3000 5748       4       java.util.AbstractCollection::toArray (147 bytes)

GC Heap History (10 events):
Event: 5.760 GC heap before
{Heap before GC invocations=9 (full 1):
 PSYoungGen      total 137728K, used 136484K [0x00000000d5f80000, 0x00000000e1000000, 0x0000000100000000)
  eden space 128512K, 99% used [0x00000000d5f80000,0x00000000ddbcccd0,0x00000000ddd00000)
  from space 9216K, 99% used [0x00000000ddd00000,0x00000000de5fc538,0x00000000de600000)
  to   space 11776K, 0% used [0x00000000e0480000,0x00000000e0480000,0x00000000e1000000)
 ParOldGen       total 58880K, used 10093K [0x0000000081e00000, 0x0000000085780000, 0x00000000d5f80000)
  object space 58880K, 17% used [0x0000000081e00000,0x00000000827db470,0x0000000085780000)
 Metaspace       used 33849K, capacity 35442K, committed 35456K, reserved 1079296K
  class space    used 4400K, capacity 4724K, committed 4736K, reserved 1048576K
Event: 5.776 GC heap after
Heap after GC invocations=9 (full 1):
 PSYoungGen      total 166400K, used 11753K [0x00000000d5f80000, 0x00000000e3700000, 0x0000000100000000)
  eden space 154624K, 0% used [0x00000000d5f80000,0x00000000d5f80000,0x00000000df680000)
  from space 11776K, 99% used [0x00000000e0480000,0x00000000e0ffa740,0x00000000e1000000)
  to   space 14336K, 0% used [0x00000000df680000,0x00000000df680000,0x00000000e0480000)
 ParOldGen       total 58880K, used 11738K [0x0000000081e00000, 0x0000000085780000, 0x00000000d5f80000)
  object space 58880K, 19% used [0x0000000081e00000,0x00000000829769c8,0x0000000085780000)
 Metaspace       used 33849K, capacity 35442K, committed 35456K, reserved 1079296K
  class space    used 4400K, capacity 4724K, committed 4736K, reserved 1048576K
}
Event: 5.776 GC heap before
{Heap before GC invocations=10 (full 2):
 PSYoungGen      total 166400K, used 11753K [0x00000000d5f80000, 0x00000000e3700000, 0x0000000100000000)
  eden space 154624K, 0% used [0x00000000d5f80000,0x00000000d5f80000,0x00000000df680000)
  from space 11776K, 99% used [0x00000000e0480000,0x00000000e0ffa740,0x00000000e1000000)
  to   space 14336K, 0% used [0x00000000df680000,0x00000000df680000,0x00000000e0480000)
 ParOldGen       total 58880K, used 11738K [0x0000000081e00000, 0x0000000085780000, 0x00000000d5f80000)
  object space 58880K, 19% used [0x0000000081e00000,0x00000000829769c8,0x0000000085780000)
 Metaspace       used 33849K, capacity 35442K, committed 35456K, reserved 1079296K
  class space    used 4400K, capacity 4724K, committed 4736K, reserved 1048576K
Event: 5.868 GC heap after
Heap after GC invocations=10 (full 2):
 PSYoungGen      total 166400K, used 0K [0x00000000d5f80000, 0x00000000e3700000, 0x0000000100000000)
  eden space 154624K, 0% used [0x00000000d5f80000,0x00000000d5f80000,0x00000000df680000)
  from space 11776K, 0% used [0x00000000e0480000,0x00000000e0480000,0x00000000e1000000)
  to   space 14336K, 0% used [0x00000000df680000,0x00000000df680000,0x00000000e0480000)
 ParOldGen       total 94720K, used 17239K [0x0000000081e00000, 0x0000000087a80000, 0x00000000d5f80000)
  object space 94720K, 18% used [0x0000000081e00000,0x0000000082ed5fe0,0x0000000087a80000)
 Metaspace       used 33849K, capacity 35442K, committed 35456K, reserved 1079296K
  class space    used 4400K, capacity 4724K, committed 4736K, reserved 1048576K
}
Event: 9.679 GC heap before
{Heap before GC invocations=11 (full 2):
 PSYoungGen      total 166400K, used 154624K [0x00000000d5f80000, 0x00000000e3700000, 0x0000000100000000)
  eden space 154624K, 100% used [0x00000000d5f80000,0x00000000df680000,0x00000000df680000)
  from space 11776K, 0% used [0x00000000e0480000,0x00000000e0480000,0x00000000e1000000)
  to   space 14336K, 0% used [0x00000000df680000,0x00000000df680000,0x00000000e0480000)
 ParOldGen       total 94720K, used 17239K [0x0000000081e00000, 0x0000000087a80000, 0x00000000d5f80000)
  object space 94720K, 18% used [0x0000000081e00000,0x0000000082ed5fe0,0x0000000087a80000)
 Metaspace       used 52929K, capacity 55222K, committed 55424K, reserved 1097728K
  class space    used 7268K, capacity 7688K, committed 7808K, reserved 1048576K
Event: 9.706 GC heap after
Heap after GC invocations=11 (full 2):
 PSYoungGen      total 168960K, used 14331K [0x00000000d5f80000, 0x00000000e4080000, 0x0000000100000000)
  eden space 154624K, 0% used [0x00000000d5f80000,0x00000000d5f80000,0x00000000df680000)
  from space 14336K, 99% used [0x00000000df680000,0x00000000e047ef68,0x00000000e0480000)
  to   space 19456K, 0% used [0x00000000e2d80000,0x00000000e2d80000,0x00000000e4080000)
 ParOldGen       total 94720K, used 24618K [0x0000000081e00000, 0x0000000087a80000, 0x00000000d5f80000)
  object space 94720K, 25% used [0x0000000081e00000,0x000000008360aad0,0x0000000087a80000)
 Metaspace       used 52929K, capacity 55222K, committed 55424K, reserved 1097728K
  class space    used 7268K, capacity 7688K, committed 7808K, reserved 1048576K
}
Event: 10.865 GC heap before
{Heap before GC invocations=12 (full 2):
 PSYoungGen      total 168960K, used 72977K [0x00000000d5f80000, 0x00000000e4080000, 0x0000000100000000)
  eden space 154624K, 37% used [0x00000000d5f80000,0x00000000d98c5730,0x00000000df680000)
  from space 14336K, 99% used [0x00000000df680000,0x00000000e047ef68,0x00000000e0480000)
  to   space 19456K, 0% used [0x00000000e2d80000,0x00000000e2d80000,0x00000000e4080000)
 ParOldGen       total 94720K, used 24618K [0x0000000081e00000, 0x0000000087a80000, 0x00000000d5f80000)
  object space 94720K, 25% used [0x0000000081e00000,0x000000008360aad0,0x0000000087a80000)
 Metaspace       used 56430K, capacity 59008K, committed 59096K, reserved 1099776K
  class space    used 7753K, capacity 8189K, committed 8192K, reserved 1048576K
Event: 10.897 GC heap after
Heap after GC invocations=12 (full 2):
 PSYoungGen      total 210432K, used 12097K [0x00000000d5f80000, 0x00000000e4700000, 0x0000000100000000)
  eden space 190976K, 0% used [0x00000000d5f80000,0x00000000d5f80000,0x00000000e1a00000)
  from space 19456K, 62% used [0x00000000e2d80000,0x00000000e3950518,0x00000000e4080000)
  to   space 19968K, 0% used [0x00000000e1a00000,0x00000000e1a00000,0x00000000e2d80000)
 ParOldGen       total 94720K, used 24626K [0x0000000081e00000, 0x0000000087a80000, 0x00000000d5f80000)
  object space 94720K, 25% used [0x0000000081e00000,0x000000008360cad0,0x0000000087a80000)
 Metaspace       used 56430K, capacity 59008K, committed 59096K, reserved 1099776K
  class space    used 7753K, capacity 8189K, committed 8192K, reserved 1048576K
}
Event: 10.897 GC heap before
{Heap before GC invocations=13 (full 3):
 PSYoungGen      total 210432K, used 12097K [0x00000000d5f80000, 0x00000000e4700000, 0x0000000100000000)
  eden space 190976K, 0% used [0x00000000d5f80000,0x00000000d5f80000,0x00000000e1a00000)
  from space 19456K, 62% used [0x00000000e2d80000,0x00000000e3950518,0x00000000e4080000)
  to   space 19968K, 0% used [0x00000000e1a00000,0x00000000e1a00000,0x00000000e2d80000)
 ParOldGen       total 94720K, used 24626K [0x0000000081e00000, 0x0000000087a80000, 0x00000000d5f80000)
  object space 94720K, 25% used [0x0000000081e00000,0x000000008360cad0,0x0000000087a80000)
 Metaspace       used 56430K, capacity 59008K, committed 59096K, reserved 1099776K
  class space    used 7753K, capacity 8189K, committed 8192K, reserved 1048576K
Event: 11.062 GC heap after
Heap after GC invocations=13 (full 3):
 PSYoungGen      total 210432K, used 0K [0x00000000d5f80000, 0x00000000e4700000, 0x0000000100000000)
  eden space 190976K, 0% used [0x00000000d5f80000,0x00000000d5f80000,0x00000000e1a00000)
  from space 19456K, 0% used [0x00000000e2d80000,0x00000000e2d80000,0x00000000e4080000)
  to   space 19968K, 0% used [0x00000000e1a00000,0x00000000e1a00000,0x00000000e2d80000)
 ParOldGen       total 131584K, used 24825K [0x0000000081e00000, 0x0000000089e80000, 0x00000000d5f80000)
  object space 131584K, 18% used [0x0000000081e00000,0x000000008363e4a8,0x0000000089e80000)
 Metaspace       used 56422K, capacity 58996K, committed 59096K, reserved 1099776K
  class space    used 7752K, capacity 8187K, committed 8192K, reserved 1048576K
}

Deoptimization events (10 events):
Event: 12.254 Thread 0x000000001a53f800 Uncommon trap: reason=bimorphic action=maybe_recompile pc=0x00000000039f8938 method=java.util.Hashtable.get(Ljava/lang/Object;)Ljava/lang/Object; @ 6
Event: 12.255 Thread 0x000000001a53f800 Uncommon trap: reason=bimorphic action=maybe_recompile pc=0x00000000039f8938 method=java.util.Hashtable.get(Ljava/lang/Object;)Ljava/lang/Object; @ 6
Event: 12.257 Thread 0x000000001a53f800 Uncommon trap: reason=class_check action=maybe_recompile pc=0x0000000003a1b424 method=org.springframework.util.ConcurrentReferenceHashMap$ReferenceManager.pollForPurge()Lorg/springframework/util/ConcurrentReferenceHashMap$Reference; @ 7
Event: 12.257 Thread 0x000000001a53f800 Uncommon trap: reason=class_check action=maybe_recompile pc=0x0000000003a1b424 method=org.springframework.util.ConcurrentReferenceHashMap$ReferenceManager.pollForPurge()Lorg/springframework/util/ConcurrentReferenceHashMap$Reference; @ 7
Event: 12.257 Thread 0x000000001a53f800 Uncommon trap: reason=class_check action=maybe_recompile pc=0x0000000003a1b424 method=org.springframework.util.ConcurrentReferenceHashMap$ReferenceManager.pollForPurge()Lorg/springframework/util/ConcurrentReferenceHashMap$Reference; @ 7
Event: 12.257 Thread 0x000000001a53f800 Uncommon trap: reason=class_check action=maybe_recompile pc=0x0000000003a1b424 method=org.springframework.util.ConcurrentReferenceHashMap$ReferenceManager.pollForPurge()Lorg/springframework/util/ConcurrentReferenceHashMap$Reference; @ 7
Event: 13.052 Thread 0x000000001d271800 Uncommon trap: reason=bimorphic action=maybe_recompile pc=0x000000000394ff68 method=java.util.AbstractCollection.containsAll(Ljava/util/Collection;)Z @ 25
Event: 13.052 Thread 0x000000001d271800 Uncommon trap: reason=bimorphic action=maybe_recompile pc=0x000000000394ff68 method=java.util.AbstractCollection.containsAll(Ljava/util/Collection;)Z @ 25
Event: 14.063 Thread 0x000000001d271800 Uncommon trap: reason=bimorphic action=maybe_recompile pc=0x000000000394ff68 method=java.util.AbstractCollection.containsAll(Ljava/util/Collection;)Z @ 25
Event: 14.064 Thread 0x000000001d271800 Uncommon trap: reason=bimorphic action=maybe_recompile pc=0x000000000394ff68 method=java.util.AbstractCollection.containsAll(Ljava/util/Collection;)Z @ 25

Classes redefined (0 events):
No events

Internal exceptions (10 events):
Event: 11.534 Thread 0x000000001a53f800 Exception <a 'java/lang/ClassNotFoundException': java/lang/ObjectCustomizer> (0x00000000d738ea78) thrown at [C:\re\workspace\8-2-build-windows-amd64-cygwin\jdk8u221\13320\hotspot\src\share\vm\classfile\systemDictionary.cpp, line 210]
Event: 11.535 Thread 0x000000001a53f800 Exception <a 'java/lang/ClassNotFoundException': org/springframework/security/config/annotation/web/configuration/WebSecurityConfigurationCustomizer> (0x00000000d73b1558) thrown at [C:\re\workspace\8-2-build-windows-amd64-cygwin\jdk8u221\13320\hotspot\src
Event: 11.536 Thread 0x000000001a53f800 Exception <a 'java/lang/ClassNotFoundException': org/springframework/security/config/annotation/web/configuration/WebSecurityConfiguration$$EnhancerBySpringCGLIB$$74ffa47dCustomizer> (0x00000000d73e47c8) thrown at [C:\re\workspace\8-2-build-windows-amd64-
Event: 11.537 Thread 0x000000001a53f800 Exception <a 'java/lang/ClassNotFoundException': org/springframework/context/annotation/ConfigurationClassEnhancer$EnhancedConfigurationCustomizer> (0x00000000d740f038) thrown at [C:\re\workspace\8-2-build-windows-amd64-cygwin\jdk8u221\13320\hotspot\src\s
Event: 11.538 Thread 0x000000001a53f800 Exception <a 'java/lang/ClassNotFoundException': org/springframework/beans/factory/BeanFactoryAwareCustomizer> (0x00000000d74248d8) thrown at [C:\re\workspace\8-2-build-windows-amd64-cygwin\jdk8u221\13320\hotspot\src\share\vm\classfile\systemDictionary.cp
Event: 11.538 Thread 0x000000001a53f800 Exception <a 'java/lang/ClassNotFoundException': org/springframework/beans/factory/AwareCustomizer> (0x00000000d7438870) thrown at [C:\re\workspace\8-2-build-windows-amd64-cygwin\jdk8u221\13320\hotspot\src\share\vm\classfile\systemDictionary.cpp, line 210
Event: 11.539 Thread 0x000000001a53f800 Exception <a 'java/lang/ClassNotFoundException': org/springframework/context/annotation/ImportAwareCustomizer> (0x00000000d744dfc0) thrown at [C:\re\workspace\8-2-build-windows-amd64-cygwin\jdk8u221\13320\hotspot\src\share\vm\classfile\systemDictionary.cp
Event: 11.539 Thread 0x000000001a53f800 Exception <a 'java/lang/ClassNotFoundException': org/springframework/beans/factory/AwareCustomizer> (0x00000000d7461b40) thrown at [C:\re\workspace\8-2-build-windows-amd64-cygwin\jdk8u221\13320\hotspot\src\share\vm\classfile\systemDictionary.cpp, line 210
Event: 11.540 Thread 0x000000001a53f800 Exception <a 'java/lang/ClassNotFoundException': org/springframework/beans/factory/BeanClassLoaderAwareCustomizer> (0x00000000d74781c0) thrown at [C:\re\workspace\8-2-build-windows-amd64-cygwin\jdk8u221\13320\hotspot\src\share\vm\classfile\systemDictionar
Event: 11.541 Thread 0x000000001a53f800 Exception <a 'java/lang/ClassNotFoundException': org/springframework/beans/factory/AwareCustomizer> (0x00000000d748bd20) thrown at [C:\re\workspace\8-2-build-windows-amd64-cygwin\jdk8u221\13320\hotspot\src\share\vm\classfile\systemDictionary.cpp, line 210

Events (10 events):
Event: 53.221 Thread 0x00000000178f7800 flushing nmethod 0x00000000034b6150
Event: 53.222 Thread 0x00000000178f7800 flushing nmethod 0x0000000003539fd0
Event: 53.223 Thread 0x00000000178f7800 flushing nmethod 0x0000000003599ed0
Event: 60.220 Thread 0x00000000178f7800 flushing nmethod 0x00000000037228d0
Event: 60.222 Thread 0x00000000178f7800 flushing nmethod 0x00000000037fe810
Event: 60.223 Thread 0x00000000178f7800 flushing nmethod 0x0000000003843a90
Event: 60.223 Thread 0x00000000178f7800 flushing nmethod 0x00000000038645d0
Event: 60.223 Thread 0x00000000178f7800 flushing nmethod 0x00000000038a9e10
Event: 65.921 Thread 0x00000000178e8000 flushing nmethod 0x0000000003c04250
Event: 65.921 Thread 0x00000000178e8000 flushing nmethod 0x0000000003c08cd0


Dynamic libraries:
0x00007ff7f7570000 - 0x00007ff7f75a7000 	C:\Program Files\Java\jre1.8.0_221\bin\javaw.exe
0x00007ffc8edc0000 - 0x00007ffc8efb0000 	C:\Windows\SYSTEM32\ntdll.dll
0x00007ffc8eaa0000 - 0x00007ffc8eb52000 	C:\Windows\System32\KERNEL32.DLL
0x00007ffc8c9a0000 - 0x00007ffc8cc43000 	C:\Windows\System32\KERNELBASE.dll
0x00007ffc8d1a0000 - 0x00007ffc8d243000 	C:\Windows\System32\ADVAPI32.dll
0x00007ffc8d020000 - 0x00007ffc8d0be000 	C:\Windows\System32\msvcrt.dll
0x00007ffc8d9c0000 - 0x00007ffc8da57000 	C:\Windows\System32\sechost.dll
0x00007ffc8d3b0000 - 0x00007ffc8d4d0000 	C:\Windows\System32\RPCRT4.dll
0x00007ffc8d4d0000 - 0x00007ffc8d664000 	C:\Windows\System32\USER32.dll
0x00007ffc8bd80000 - 0x00007ffc8bda1000 	C:\Windows\System32\win32u.dll
0x00007ffc8d990000 - 0x00007ffc8d9b6000 	C:\Windows\System32\GDI32.dll
0x00007ffc8c800000 - 0x00007ffc8c994000 	C:\Windows\System32\gdi32full.dll
0x00007ffc8cdd0000 - 0x00007ffc8ce6e000 	C:\Windows\System32\msvcp_win.dll
0x00007ffc8ccd0000 - 0x00007ffc8cdca000 	C:\Windows\System32\ucrtbase.dll
0x00007ffc80230000 - 0x00007ffc804b5000 	C:\Windows\WinSxS\amd64_microsoft.windows.common-controls_6595b64144ccf1df_6.0.18362.476_none_e6c4b11b130f2595\COMCTL32.dll
0x00007ffc8da60000 - 0x00007ffc8dd96000 	C:\Windows\System32\combase.dll
0x00007ffc8cc50000 - 0x00007ffc8ccd0000 	C:\Windows\System32\bcryptPrimitives.dll
0x00007ffc8ec30000 - 0x00007ffc8ec5e000 	C:\Windows\System32\IMM32.DLL
0x000000005aa10000 - 0x000000005aae2000 	C:\Program Files\Java\jre1.8.0_221\bin\msvcr100.dll
0x000000005aaf0000 - 0x000000005b395000 	C:\Program Files\Java\jre1.8.0_221\bin\server\jvm.dll
0x00007ffc8d980000 - 0x00007ffc8d988000 	C:\Windows\System32\PSAPI.DLL
0x00007ffc88950000 - 0x00007ffc88974000 	C:\Windows\SYSTEM32\WINMM.dll
0x00007ffc806f0000 - 0x00007ffc806fa000 	C:\Windows\SYSTEM32\VERSION.dll
0x00007ffc88920000 - 0x00007ffc8894d000 	C:\Windows\SYSTEM32\WINMMBASE.dll
0x00007ffc8c640000 - 0x00007ffc8c68a000 	C:\Windows\System32\cfgmgr32.dll
0x00007ffc871a0000 - 0x00007ffc871a9000 	C:\Windows\SYSTEM32\WSOCK32.dll
0x00007ffc8d670000 - 0x00007ffc8d6df000 	C:\Windows\System32\WS2_32.dll
0x00007ffc86150000 - 0x00007ffc8615f000 	C:\Program Files\Java\jre1.8.0_221\bin\verify.dll
0x00007ffc800a0000 - 0x00007ffc800c9000 	C:\Program Files\Java\jre1.8.0_221\bin\java.dll
0x00007ffc82fe0000 - 0x00007ffc82ff6000 	C:\Program Files\Java\jre1.8.0_221\bin\zip.dll
0x00007ffc8e320000 - 0x00007ffc8ea05000 	C:\Windows\System32\SHELL32.dll
0x00007ffc8ecd0000 - 0x00007ffc8ed79000 	C:\Windows\System32\shcore.dll
0x00007ffc8be60000 - 0x00007ffc8c5de000 	C:\Windows\System32\windows.storage.dll
0x00007ffc8bd30000 - 0x00007ffc8bd4f000 	C:\Windows\System32\profapi.dll
0x00007ffc8bcc0000 - 0x00007ffc8bd0a000 	C:\Windows\System32\powrprof.dll
0x00007ffc8bc90000 - 0x00007ffc8bca0000 	C:\Windows\System32\UMPDC.dll
0x00007ffc8d0e0000 - 0x00007ffc8d132000 	C:\Windows\System32\shlwapi.dll
0x00007ffc8bca0000 - 0x00007ffc8bcb1000 	C:\Windows\System32\kernel.appcore.dll
0x00007ffc8c7e0000 - 0x00007ffc8c7f7000 	C:\Windows\System32\cryptsp.dll
0x00007ffc88420000 - 0x00007ffc8842d000 	C:\Program Files\Java\jre1.8.0_221\bin\management.dll
0x00007ffc81ad0000 - 0x00007ffc81aea000 	C:\Program Files\Java\jre1.8.0_221\bin\net.dll
0x00007ffc7a590000 - 0x00007ffc7a766000 	C:\Windows\SYSTEM32\urlmon.dll
0x00007ffc7ccc0000 - 0x00007ffc7cf66000 	C:\Windows\SYSTEM32\iertutil.dll
0x00007ffc8b6d0000 - 0x00007ffc8b6dc000 	C:\Windows\SYSTEM32\CRYPTBASE.DLL
0x00007ffc8b500000 - 0x00007ffc8b567000 	C:\Windows\system32\mswsock.dll
0x00007ffc7d6b0000 - 0x00007ffc7d6c6000 	C:\Windows\system32\napinsp.dll
0x00007ffc79070000 - 0x00007ffc7908a000 	C:\Windows\system32\pnrpnsp.dll
0x00007ffc8b250000 - 0x00007ffc8b31a000 	C:\Windows\SYSTEM32\DNSAPI.dll
0x00007ffc8ea10000 - 0x00007ffc8ea18000 	C:\Windows\System32\NSI.dll
0x00007ffc8b210000 - 0x00007ffc8b24a000 	C:\Windows\SYSTEM32\IPHLPAPI.DLL
0x00007ffc853f0000 - 0x00007ffc853fe000 	C:\Windows\System32\winrnr.dll
0x00007ffc882f0000 - 0x00007ffc8830c000 	C:\Windows\system32\NLAapi.dll
0x00007ffc878f0000 - 0x00007ffc87905000 	C:\Windows\system32\wshbth.dll
0x00007ffc818c0000 - 0x00007ffc818ca000 	C:\Windows\System32\rasadhlp.dll
0x00007ffc821e0000 - 0x00007ffc82257000 	C:\Windows\System32\fwpuclnt.dll
0x00007ffc8bd50000 - 0x00007ffc8bd76000 	C:\Windows\System32\bcrypt.dll
0x00007ffc80060000 - 0x00007ffc80072000 	C:\Program Files\Java\jre1.8.0_221\bin\nio.dll
0x00007ffc8b070000 - 0x00007ffc8b0a3000 	C:\Windows\system32\rsaenh.dll
0x00007ffc8bb80000 - 0x00007ffc8bba5000 	C:\Windows\SYSTEM32\USERENV.dll
0x00007ffc827b0000 - 0x00007ffc827c6000 	C:\Windows\SYSTEM32\dhcpcsvc6.DLL
0x00007ffc82790000 - 0x00007ffc827ac000 	C:\Windows\SYSTEM32\dhcpcsvc.DLL

VM Arguments:
jvm_args: -Dfile.encoding=UTF-8 
java_command: com.bankapp.BankappSpringbootApplication
java_class_path (initial): D:\maven\bankapp_springboot\target\classes;C:\Users\Dell\.m2\repository\org\apache\tomcat\embed\tomcat-embed-jasper\9.0.27\tomcat-embed-jasper-9.0.27.jar;C:\Users\Dell\.m2\repository\org\apache\tomcat\embed\tomcat-embed-core\9.0.27\tomcat-embed-core-9.0.27.jar;C:\Users\Dell\.m2\repository\org\apache\tomcat\tomcat-annotations-api\9.0.27\tomcat-annotations-api-9.0.27.jar;C:\Users\Dell\.m2\repository\org\apache\tomcat\embed\tomcat-embed-el\9.0.27\tomcat-embed-el-9.0.27.jar;C:\Users\Dell\.m2\repository\org\eclipse\jdt\ecj\3.18.0\ecj-3.18.0.jar;C:\Users\Dell\.m2\repository\javax\servlet\jstl\1.2\jstl-1.2.jar;C:\Users\Dell\.m2\repository\javax\xml\bind\jaxb-api\2.3.1\jaxb-api-2.3.1.jar;C:\Users\Dell\.m2\repository\javax\activation\javax.activation-api\1.2.0\javax.activation-api-1.2.0.jar;C:\Users\Dell\.m2\repository\org\springframework\boot\spring-boot-starter-data-jpa\2.1.10.RELEASE\spring-boot-starter-data-jpa-2.1.10.RELEASE.jar;C:\Users\Dell\.m2\repository\org\springframework\boot\spring-boot-starter-aop\2.1.10.RELEASE\spring-boot-starter-aop-2.1.10.RELEASE.jar;C:\Users\Dell\.m2\repository\org\aspectj\aspectjweaver\1.9.4\aspectjweaver-1.9.4.jar;C:\Users\Dell\.m2\repository\org\springframework\boot\spring-boot-starter-jdbc\2.1.10.RELEASE\spring-boot-starter-jdbc-2.1.10.RELEASE.jar;C:\Users\Dell\.m2\repository\com\zaxxer\HikariCP\3.2.0\HikariCP-3.2.0.jar;C:\Users\Dell\.m2\repository\org\springframework\spring-jdbc\5.1.11.RELEASE\spring-jdbc-5.1.11.RELEASE.jar;C:\Users\Dell\.m2\repository\javax\transaction\javax.transaction-api\1.3\javax.transaction-api-1.3.jar;C:\Users\Dell\.m2\repository\org\hibernate\hibernate-core\5.3.13.Final\hibernate-core-5.3.13.Final.jar;C:\Users\Dell\.m2\repository\org\jboss\logging\jboss-logging\3.3.3.Final\jboss-logging-3.3.3.Final.jar;C:\Users\Dell\.m2\repository\javax\persistence\javax.persistence-api\2.2\javax.persistence-api-2.2.jar;C:\Users\Dell\.m2\repository\org\javassist\javassist\3.23.2-GA\javassist-3.23.2-
Launcher Type: SUN_STANDARD

Environment Variables:
JAVA_HOME=C:\Program Files\Java\jdk1.8.0_221
PATH=C:/Program Files/Java/jre1.8.0_221/bin/server;C:/Program Files/Java/jre1.8.0_221/bin;C:/Program Files/Java/jre1.8.0_221/lib/amd64;C:\Program Files (x86)\Common Files\Oracle\Java\javapath;C:\Windows\system32;C:\Windows;C:\Windows\System32\Wbem;C:\Windows\System32\WindowsPowerShell\v1.0\;C:\Windows\System32\OpenSSH\;C:\Program Files\Git\cmd;C:\Software\apache-maven-3.3.9-bin\apache-maven-3.3.9\bin;C:\Program Files\Java\jdk1.8.0_221\bin;C:\Program Files (x86)\MySQL\MySQL Server 5.5\bin;C:\Program Files\nodejs\;C:\Users\Dell\AppData\Local\Microsoft\WindowsApps;;C:\Users\Dell\AppData\Local\Programs\Microsoft VS Code\bin;C:\Users\Dell\AppData\Roaming\npm;C:\Software\eclipse-jee-mars-2-win32-x86_64\eclipse;
USERNAME=Dell
OS=Windows_NT
PROCESSOR_IDENTIFIER=Intel64 Family 6 Model 58 Stepping 9, GenuineIntel



---------------  S Y S T E M  ---------------

OS: Windows 10.0 , 64 bit Build 18362 (10.0.18362.329)

CPU:total 4 (initial active 4) (2 cores per cpu, 2 threads per core) family 6 model 58 stepping 9, cmov, cx8, fxsr, mmx, sse, sse2, sse3, ssse3, sse4.1, sse4.2, popcnt, avx, aes, clmul, erms, ht, tsc, tscinvbit, tscinv

Memory: 4k page, physical 8258820k(1607180k free), swap 33424644k(256k free)

vm_info: Java HotSpot(TM) 64-Bit Server VM (25.221-b11) for windows-amd64 JRE (1.8.0_221-b11), built on Jul  4 2019 04:39:29 by "java_re" with MS VC++ 10.0 (VS2010)

time: Tue Nov 26 09:17:58 2019
timezone: India Standard Time
elapsed time: 616 seconds (0d 0h 10m 16s)

